<?xml version="1.0" encoding="UTF-8"?>
<!-- Generated by org.testng.reporters.JUnitXMLReporter -->
<testsuite ignored="0" hostname="rohitpunekar" failures="0" tests="3" name="Default test" time="32.094" errors="0" timestamp="2022-01-07T16:05:51 IST">
  <testcase classname="SignupTestCases.SignUpPage" name="EnterName" time="0.182"/>
  <testcase classname="SignupTestCases.SignUpPage" name="EnterAddress" time="0.537"/>
  <testcase classname="SignupTestCases.SignUpPage" name="EnterMobile" time="0.274"/>
</testsuite> <!-- Default test -->
