<?xml version="1.0" encoding="UTF-8"?>
<!-- Generated by org.testng.reporters.JUnitXMLReporter -->
<testsuite ignored="0" hostname="rohitpunekar" failures="0" tests="3" name="Default test" time="33.603" errors="0" timestamp="2022-01-07T13:21:58 IST">
  <testcase classname="SignupTestCases.SignUpPage" name="EnterAddress" time="0.276"/>
  <testcase classname="SignupTestCases.SignUpPage" name="EnterMobile" time="0.199"/>
  <testcase classname="SignupTestCases.SignUpPage" name="EnterName" time="0.12"/>
</testsuite> <!-- Default test -->
