<?xml version="1.0" encoding="UTF-8"?>
<!-- Generated by org.testng.reporters.JUnitXMLReporter -->
<testsuite ignored="0" hostname="rohitpunekar" failures="0" tests="9" name="Test" time="63.216" errors="0" timestamp="2022-01-11T10:24:06 IST">
  <testcase classname="TestCases.LoginPage" name="EnterEmail" time="0.17"/>
  <testcase classname="TestCases.LoginPage" name="EnterPassword" time="0.155"/>
  <testcase classname="TestCases.SignUpPage" name="EnterName" time="0.137"/>
  <testcase classname="TestCases.SignUpPage" name="EnterAddress" time="0.189"/>
  <testcase classname="TestCases.SignUpPage" name="EnterMobile" time="0.168"/>
  <testcase classname="TestCases.SignUpPage" name="EnterEmail" time="0.209"/>
  <testcase classname="TestCases.SignUpPage" name="EnterWalletAddress" time="0.172"/>
  <testcase classname="TestCases.SignUpPage" name="EnterPassword" time="0.111"/>
  <testcase classname="TestCases.SignUpPage" name="ConfirmPassword" time="0.098"/>
</testsuite> <!-- Test -->
