<?xml version="1.0" encoding="UTF-8"?>
<testng-results ignored="0" total="3" passed="3" failed="0" skipped="0">
  <reporter-output>
  </reporter-output>
  <suite started-at="2022-01-07T15:24:50 IST" name="Default suite" finished-at="2022-01-07T15:25:33 IST" duration-ms="42667">
    <groups>
    </groups>
    <test started-at="2022-01-07T15:24:50 IST" name="Default test" finished-at="2022-01-07T15:25:33 IST" duration-ms="42667">
      <class name="SignupTestCases.SignUpPage">
        <test-method is-config="true" signature="start()[pri:0, instance:SignupTestCases.SignUpPage@6bb7cce7]" started-at="2022-01-07T15:24:50 IST" name="start" finished-at="2022-01-07T15:25:31 IST" duration-ms="40431" status="PASS">
          <reporter-output>
          </reporter-output>
        </test-method> <!-- start -->
        <test-method is-config="true" signature="startTest()[pri:0, instance:SignupTestCases.SignUpPage@6bb7cce7]" started-at="2022-01-07T15:25:31 IST" name="startTest" finished-at="2022-01-07T15:25:31 IST" duration-ms="466" status="PASS">
          <reporter-output>
          </reporter-output>
        </test-method> <!-- startTest -->
        <test-method signature="EnterName()[pri:1, instance:SignupTestCases.SignUpPage@6bb7cce7]" started-at="2022-01-07T15:25:31 IST" name="EnterName" finished-at="2022-01-07T15:25:32 IST" duration-ms="143" status="PASS">
          <reporter-output>
          </reporter-output>
        </test-method> <!-- EnterName -->
        <test-method signature="EnterAddress()[pri:2, instance:SignupTestCases.SignUpPage@6bb7cce7]" started-at="2022-01-07T15:25:32 IST" name="EnterAddress" finished-at="2022-01-07T15:25:32 IST" duration-ms="177" status="PASS">
          <reporter-output>
          </reporter-output>
        </test-method> <!-- EnterAddress -->
        <test-method signature="EnterMobile()[pri:3, instance:SignupTestCases.SignUpPage@6bb7cce7]" started-at="2022-01-07T15:25:32 IST" name="EnterMobile" finished-at="2022-01-07T15:25:32 IST" duration-ms="159" status="PASS">
          <reporter-output>
          </reporter-output>
        </test-method> <!-- EnterMobile -->
        <test-method is-config="true" signature="endTest()[pri:0, instance:SignupTestCases.SignUpPage@6bb7cce7]" started-at="2022-01-07T15:25:32 IST" name="endTest" finished-at="2022-01-07T15:25:33 IST" duration-ms="696" status="PASS">
          <reporter-output>
          </reporter-output>
        </test-method> <!-- endTest -->
        <test-method is-config="true" signature="close()[pri:0, instance:SignupTestCases.SignUpPage@6bb7cce7]" started-at="2022-01-07T15:25:33 IST" name="close" finished-at="2022-01-07T15:25:33 IST" duration-ms="501" status="PASS">
          <reporter-output>
          </reporter-output>
        </test-method> <!-- close -->
      </class> <!-- SignupTestCases.SignUpPage -->
    </test> <!-- Default test -->
  </suite> <!-- Default suite -->
</testng-results>
