<?xml version="1.0" encoding="UTF-8"?>
<testng-results ignored="0" total="1" passed="1" failed="0" skipped="0">
  <reporter-output>
  </reporter-output>
  <suite started-at="2022-01-02T20:41:22 IST" name="Default suite" finished-at="2022-01-02T20:41:30 IST" duration-ms="7462">
    <groups>
    </groups>
    <test started-at="2022-01-02T20:41:22 IST" name="Default test" finished-at="2022-01-02T20:41:30 IST" duration-ms="7462">
      <class name="com.RapidInnovation.ExtentReport.ExtentReportDemo">
        <test-method is-config="true" signature="Config()[pri:0, instance:com.RapidInnovation.ExtentReport.ExtentReportDemo@29d89d5d]" started-at="2022-01-02T20:41:22 IST" name="Config" finished-at="2022-01-02T20:41:23 IST" duration-ms="312" status="PASS">
          <reporter-output>
          </reporter-output>
        </test-method> <!-- Config -->
        <test-method signature="initialDemo()[pri:0, instance:com.RapidInnovation.ExtentReport.ExtentReportDemo@29d89d5d]" started-at="2022-01-02T20:41:23 IST" name="initialDemo" finished-at="2022-01-02T20:41:30 IST" duration-ms="7106" status="PASS">
          <reporter-output>
          </reporter-output>
        </test-method> <!-- initialDemo -->
      </class> <!-- com.RapidInnovation.ExtentReport.ExtentReportDemo -->
    </test> <!-- Default test -->
  </suite> <!-- Default suite -->
</testng-results>
